2023-08-26 21:08:47,274 - INFO - Started downloading ./imgs/chapter-225
2023-08-26 21:08:48,266 - INFO - already downloaded
2023-08-26 21:08:49,254 - INFO - already downloaded
2023-08-26 21:08:49,659 - INFO - already downloaded
2023-08-26 21:08:50,518 - INFO - already downloaded
2023-08-26 21:08:51,517 - INFO - already downloaded
2023-08-26 21:08:51,933 - INFO - already downloaded
2023-08-26 21:08:52,942 - INFO - already downloaded
2023-08-26 21:08:53,351 - INFO - already downloaded
2023-08-26 21:08:54,348 - INFO - already downloaded
2023-08-26 21:08:54,786 - INFO - already downloaded
2023-08-26 21:08:54,896 - INFO - already downloaded
2023-08-26 21:08:56,055 - INFO - already downloaded
2023-08-26 21:08:56,461 - INFO - already downloaded
2023-08-26 21:08:57,461 - INFO - already downloaded
2023-08-26 21:08:58,587 - INFO - already downloaded
2023-08-26 21:08:58,702 - INFO - already downloaded
2023-08-26 21:08:58,867 - INFO - Started downloading ./imgs/chapter-226
2023-08-26 21:08:59,838 - INFO - already downloaded
2023-08-26 21:09:00,817 - INFO - already downloaded
2023-08-26 21:09:01,796 - INFO - already downloaded
2023-08-26 21:09:01,905 - INFO - already downloaded
2023-08-26 21:09:02,322 - INFO - already downloaded
2023-08-26 21:09:03,324 - INFO - already downloaded
2023-08-26 21:09:03,730 - INFO - already downloaded
2023-08-26 21:09:03,836 - INFO - already downloaded
2023-08-26 21:09:04,819 - INFO - already downloaded
2023-08-26 21:09:05,803 - INFO - already downloaded
2023-08-26 21:09:06,782 - INFO - already downloaded
2023-08-26 21:09:07,786 - INFO - already downloaded
2023-08-26 21:09:08,200 - INFO - already downloaded
2023-08-26 21:09:08,301 - INFO - already downloaded
2023-08-26 21:09:09,277 - INFO - already downloaded
2023-08-26 21:09:10,262 - INFO - already downloaded
2023-08-26 21:09:11,390 - INFO - already downloaded
2023-08-26 21:09:11,559 - INFO - Started downloading ./imgs/chapter-227
2023-08-26 21:09:11,958 - INFO - already downloaded
2023-08-26 21:09:12,950 - INFO - already downloaded
2023-08-26 21:09:13,934 - INFO - already downloaded
2023-08-26 21:09:14,965 - INFO - already downloaded
2023-08-26 21:09:16,010 - INFO - already downloaded
2023-08-26 21:09:17,008 - INFO - already downloaded
2023-08-26 21:09:17,274 - INFO - already downloaded
2023-08-26 21:09:18,262 - INFO - already downloaded
2023-08-26 21:09:19,107 - INFO - already downloaded
2023-08-26 21:09:20,110 - INFO - already downloaded
2023-08-26 21:09:21,090 - INFO - already downloaded
2023-08-26 21:09:21,497 - INFO - already downloaded
2023-08-26 21:09:22,494 - INFO - already downloaded
2023-08-26 21:09:23,626 - INFO - already downloaded
2023-08-26 21:09:24,610 - INFO - already downloaded
2023-08-26 21:09:25,466 - INFO - already downloaded
2023-08-26 21:09:25,645 - INFO - Started downloading ./imgs/chapter-228
2023-08-26 21:09:26,634 - INFO - already downloaded
2023-08-26 21:09:27,763 - INFO - already downloaded
2023-08-26 21:09:28,173 - INFO - already downloaded
2023-08-26 21:09:29,180 - INFO - already downloaded
2023-08-26 21:09:30,174 - INFO - already downloaded
2023-08-26 21:09:31,309 - INFO - already downloaded
2023-08-26 21:09:31,711 - INFO - already downloaded
2023-08-26 21:09:32,692 - INFO - already downloaded
2023-08-26 21:09:33,830 - INFO - already downloaded
2023-08-26 21:09:34,231 - INFO - already downloaded
2023-08-26 21:09:35,215 - INFO - already downloaded
2023-08-26 21:09:36,193 - INFO - already downloaded
2023-08-26 21:09:36,606 - INFO - already downloaded
2023-08-26 21:09:37,606 - INFO - already downloaded
2023-08-26 21:09:38,603 - INFO - already downloaded
2023-08-26 21:09:39,599 - INFO - already downloaded
2023-08-26 21:09:39,785 - INFO - Started downloading ./imgs/chapter-229
2023-08-26 21:09:40,630 - INFO - already downloaded
2023-08-26 21:09:41,641 - INFO - already downloaded
2023-08-26 21:09:42,623 - INFO - already downloaded
2023-08-26 21:09:43,039 - INFO - already downloaded
2023-08-26 21:09:43,448 - INFO - already downloaded
2023-08-26 21:09:44,580 - INFO - already downloaded
2023-08-26 21:09:44,987 - INFO - already downloaded
2023-08-26 21:09:46,124 - INFO - already downloaded
2023-08-26 21:09:47,129 - INFO - already downloaded
2023-08-26 21:09:48,118 - INFO - already downloaded
2023-08-26 21:09:48,958 - INFO - already downloaded
2023-08-26 21:09:49,363 - INFO - already downloaded
2023-08-26 21:09:50,203 - INFO - already downloaded
2023-08-26 21:09:51,197 - INFO - already downloaded
2023-08-26 21:09:52,186 - INFO - already downloaded
2023-08-26 21:09:52,593 - INFO - already downloaded
2023-08-26 21:09:53,725 - INFO - already downloaded
2023-08-26 21:09:53,906 - INFO - Started downloading ./imgs/chapter-230
2023-08-26 21:09:54,303 - INFO - already downloaded
2023-08-26 21:09:55,287 - INFO - already downloaded
2023-08-26 21:09:56,284 - INFO - already downloaded
2023-08-26 21:09:56,680 - INFO - already downloaded
2023-08-26 21:09:57,696 - INFO - already downloaded
2023-08-26 21:09:58,089 - INFO - already downloaded
2023-08-26 21:09:59,073 - INFO - already downloaded
2023-08-26 21:10:00,219 - INFO - already downloaded
2023-08-26 21:10:00,656 - INFO - already downloaded
2023-08-26 21:10:01,671 - INFO - already downloaded
2023-08-26 21:10:02,704 - INFO - already downloaded
2023-08-26 21:10:03,889 - INFO - already downloaded
2023-08-26 21:10:04,925 - INFO - already downloaded
2023-08-26 21:10:05,935 - INFO - already downloaded
2023-08-26 21:10:07,097 - INFO - already downloaded
2023-08-26 21:10:08,233 - INFO - already downloaded
2023-08-26 21:10:08,418 - INFO - Started downloading ./imgs/chapter-231
2023-08-26 21:10:08,518 - INFO - already downloaded
2023-08-26 21:10:08,626 - INFO - already downloaded
2023-08-26 21:10:09,182 - INFO - already downloaded
2023-08-26 21:10:10,169 - INFO - already downloaded
2023-08-26 21:10:10,274 - INFO - already downloaded
2023-08-26 21:10:10,376 - INFO - already downloaded
2023-08-26 21:10:11,507 - INFO - already downloaded
2023-08-26 21:10:11,912 - INFO - already downloaded
2023-08-26 21:10:12,889 - INFO - already downloaded
2023-08-26 21:10:13,288 - INFO - already downloaded
2023-08-26 21:10:14,131 - INFO - already downloaded
2023-08-26 21:10:15,422 - INFO - already downloaded
2023-08-26 21:10:15,815 - INFO - already downloaded
2023-08-26 21:10:16,797 - INFO - already downloaded
2023-08-26 21:10:17,209 - INFO - already downloaded
2023-08-26 21:10:18,197 - INFO - already downloaded
2023-08-26 21:10:18,293 - INFO - already downloaded
2023-08-26 21:10:19,498 - INFO - already downloaded
2023-08-26 21:10:19,681 - INFO - Started downloading ./imgs/chapter-232
2023-08-26 21:10:20,669 - INFO - already downloaded
2023-08-26 21:10:21,655 - INFO - already downloaded
2023-08-26 21:10:22,562 - INFO - already downloaded
2023-08-26 21:10:22,960 - INFO - already downloaded
2023-08-26 21:10:23,953 - INFO - already downloaded
2023-08-26 21:10:24,529 - INFO - already downloaded
2023-08-26 21:10:25,392 - INFO - already downloaded
2023-08-26 21:10:25,810 - INFO - already downloaded
2023-08-26 21:10:26,525 - INFO - already downloaded
2023-08-26 21:10:27,555 - INFO - already downloaded
2023-08-26 21:10:27,983 - INFO - already downloaded
2023-08-26 21:10:28,389 - INFO - already downloaded
2023-08-26 21:10:29,378 - INFO - already downloaded
2023-08-26 21:10:30,235 - INFO - already downloaded
2023-08-26 21:10:31,215 - INFO - already downloaded
2023-08-26 21:10:32,217 - INFO - already downloaded
2023-08-26 21:10:33,210 - INFO - already downloaded
2023-08-26 21:10:34,215 - INFO - already downloaded
2023-08-26 21:10:34,632 - INFO - already downloaded
2023-08-26 21:10:35,038 - INFO - already downloaded
2023-08-26 21:10:35,879 - INFO - already downloaded
2023-08-26 21:10:36,575 - INFO - already downloaded
2023-08-26 21:10:36,753 - INFO - Started downloading ./imgs/chapter-232-5
2023-08-26 21:10:37,732 - INFO - already downloaded
2023-08-26 21:10:38,128 - INFO - already downloaded
2023-08-26 21:10:38,525 - INFO - already downloaded
2023-08-26 21:10:39,504 - INFO - already downloaded
2023-08-26 21:10:40,480 - INFO - already downloaded
2023-08-26 21:10:41,461 - INFO - already downloaded
2023-08-26 21:10:42,445 - INFO - already downloaded
2023-08-26 21:10:43,426 - INFO - already downloaded
2023-08-26 21:10:43,829 - INFO - already downloaded
2023-08-26 21:10:44,830 - INFO - already downloaded
2023-08-26 21:10:45,967 - INFO - already downloaded
2023-08-26 21:10:47,112 - INFO - already downloaded
2023-08-26 21:10:48,258 - INFO - already downloaded
2023-08-26 21:10:49,397 - INFO - already downloaded
2023-08-26 21:10:50,409 - INFO - already downloaded
2023-08-26 21:10:50,814 - INFO - already downloaded
2023-08-26 21:10:51,220 - INFO - already downloaded
2023-08-26 21:10:51,617 - INFO - already downloaded
2023-08-26 21:10:52,603 - INFO - already downloaded
2023-08-26 21:10:53,592 - INFO - already downloaded
2023-08-26 21:10:54,581 - INFO - already downloaded
2023-08-26 21:10:55,601 - INFO - already downloaded
2023-08-26 21:10:55,860 - INFO - already downloaded
2023-08-26 21:10:56,992 - INFO - already downloaded
2023-08-26 21:10:57,978 - INFO - already downloaded
2023-08-26 21:10:58,970 - INFO - already downloaded
2023-08-26 21:10:59,955 - INFO - already downloaded
2023-08-26 21:11:00,798 - INFO - already downloaded
2023-08-26 21:11:01,207 - INFO - already downloaded
2023-08-26 21:11:02,191 - INFO - already downloaded
2023-08-26 21:11:03,180 - INFO - already downloaded
2023-08-26 21:11:04,178 - INFO - already downloaded
2023-08-26 21:11:05,167 - INFO - already downloaded
2023-08-26 21:11:06,157 - INFO - already downloaded
2023-08-26 21:11:07,133 - INFO - already downloaded
2023-08-26 21:11:07,530 - INFO - already downloaded
2023-08-26 21:11:07,929 - INFO - already downloaded
2023-08-26 21:11:08,912 - INFO - already downloaded
2023-08-26 21:11:09,901 - INFO - already downloaded
2023-08-26 21:11:10,912 - INFO - already downloaded
2023-08-26 21:11:11,915 - INFO - already downloaded
2023-08-26 21:11:12,630 - INFO - already downloaded
2023-08-26 21:11:13,782 - INFO - already downloaded
2023-08-26 21:11:14,938 - INFO - already downloaded
2023-08-26 21:11:15,781 - INFO - already downloaded
2023-08-26 21:11:15,959 - INFO - Started downloading ./imgs/chapter-233
2023-08-26 21:11:16,130 - INFO - Started downloading ./imgs/chapter-1-stone-world
2023-08-26 21:11:17,270 - INFO - already downloaded
2023-08-26 21:11:17,684 - INFO - already downloaded
2023-08-26 21:11:18,817 - INFO - already downloaded
2023-08-26 21:11:20,110 - INFO - already downloaded
2023-08-26 21:11:21,247 - INFO - already downloaded
2023-08-26 21:11:22,382 - INFO - already downloaded
2023-08-26 21:11:23,520 - INFO - already downloaded
2023-08-26 21:11:24,654 - INFO - already downloaded
2023-08-26 21:11:25,655 - INFO - already downloaded
2023-08-26 21:11:26,647 - INFO - already downloaded
2023-08-26 21:11:27,778 - INFO - already downloaded
2023-08-26 21:11:28,923 - INFO - already downloaded
2023-08-26 21:11:29,757 - INFO - already downloaded
2023-08-26 21:11:30,893 - INFO - already downloaded
2023-08-26 21:11:31,882 - INFO - already downloaded
2023-08-26 21:11:33,018 - INFO - already downloaded
2023-08-26 21:11:33,872 - INFO - already downloaded
2023-08-26 21:11:34,874 - INFO - already downloaded
2023-08-26 21:11:36,031 - INFO - already downloaded
2023-08-26 21:11:37,189 - INFO - already downloaded
2023-08-26 21:11:38,195 - INFO - already downloaded
2023-08-26 21:11:38,601 - INFO - already downloaded
2023-08-26 21:11:39,025 - INFO - already downloaded
2023-08-26 21:11:40,178 - INFO - already downloaded
2023-08-26 21:11:41,326 - INFO - already downloaded
2023-08-26 21:11:42,458 - INFO - already downloaded
2023-08-26 21:11:43,448 - INFO - already downloaded
2023-08-26 21:11:43,856 - INFO - already downloaded
2023-08-26 21:11:45,154 - INFO - already downloaded
2023-08-26 21:11:46,280 - INFO - already downloaded
2023-08-26 21:11:47,417 - INFO - already downloaded
2023-08-26 21:11:48,689 - INFO - already downloaded
2023-08-26 21:11:49,817 - INFO - already downloaded
2023-08-26 21:11:50,970 - INFO - already downloaded
2023-08-26 21:11:52,258 - INFO - already downloaded
2023-08-26 21:11:53,394 - INFO - already downloaded
2023-08-26 21:11:54,527 - INFO - already downloaded
2023-08-26 21:11:55,661 - INFO - already downloaded
2023-08-26 21:11:56,795 - INFO - already downloaded
2023-08-26 21:11:57,950 - INFO - already downloaded
2023-08-26 21:11:58,955 - INFO - already downloaded
2023-08-26 21:11:59,811 - INFO - already downloaded
2023-08-26 21:12:00,807 - INFO - already downloaded
2023-08-26 21:12:01,218 - INFO - already downloaded
2023-08-26 21:12:02,363 - INFO - already downloaded
2023-08-26 21:12:03,362 - INFO - already downloaded
2023-08-26 21:12:03,767 - INFO - already downloaded
2023-08-26 21:12:04,908 - INFO - already downloaded
2023-08-26 21:12:05,073 - INFO - Started downloading ./imgs/chapter-2-fantsy-vs-science
2023-08-26 21:12:06,196 - INFO - already downloaded
2023-08-26 21:12:07,174 - INFO - already downloaded
2023-08-26 21:12:08,307 - INFO - already downloaded
2023-08-26 21:12:09,433 - INFO - already downloaded
2023-08-26 21:12:10,555 - INFO - already downloaded
2023-08-26 21:12:11,698 - INFO - already downloaded
2023-08-26 21:12:12,845 - INFO - already downloaded
2023-08-26 21:12:13,865 - INFO - already downloaded
2023-08-26 21:12:14,264 - INFO - already downloaded
2023-08-26 21:12:15,399 - INFO - already downloaded
2023-08-26 21:12:16,397 - INFO - already downloaded
2023-08-26 21:12:17,380 - INFO - already downloaded
2023-08-26 21:12:18,527 - INFO - already downloaded
2023-08-26 21:12:19,658 - INFO - already downloaded
2023-08-26 21:12:20,787 - INFO - already downloaded
2023-08-26 21:12:21,914 - INFO - already downloaded
2023-08-26 21:12:22,321 - INFO - already downloaded
2023-08-26 21:12:23,449 - INFO - already downloaded
2023-08-26 21:12:24,430 - INFO - already downloaded
2023-08-26 21:12:25,559 - INFO - already downloaded
2023-08-26 21:12:26,857 - INFO - already downloaded
2023-08-26 21:12:27,983 - INFO - already downloaded
2023-08-26 21:12:29,262 - INFO - already downloaded
2023-08-26 21:12:30,242 - INFO - already downloaded
2023-08-26 21:12:31,406 - INFO - already downloaded
2023-08-26 21:12:31,575 - INFO - Started downloading ./imgs/chapter-3-king-of-the-stone-world
2023-08-26 21:12:32,703 - INFO - already downloaded
2023-08-26 21:12:33,691 - INFO - already downloaded
2023-08-26 21:12:34,815 - INFO - already downloaded
2023-08-26 21:12:35,802 - INFO - already downloaded
2023-08-26 21:12:36,951 - INFO - already downloaded
2023-08-26 21:12:38,108 - INFO - already downloaded
2023-08-26 21:12:39,234 - INFO - already downloaded
2023-08-26 21:12:40,367 - INFO - already downloaded
2023-08-26 21:12:41,501 - INFO - already downloaded
2023-08-26 21:12:41,903 - INFO - already downloaded
2023-08-26 21:12:43,055 - INFO - already downloaded
2023-08-26 21:12:43,894 - INFO - already downloaded
2023-08-26 21:12:44,893 - INFO - already downloaded
2023-08-26 21:12:45,896 - INFO - already downloaded
2023-08-26 21:12:47,055 - INFO - already downloaded
2023-08-26 21:12:48,193 - INFO - already downloaded
2023-08-26 21:12:49,341 - INFO - already downloaded
2023-08-26 21:12:50,625 - INFO - already downloaded
2023-08-26 21:12:51,900 - INFO - already downloaded
2023-08-26 21:12:53,035 - INFO - already downloaded
2023-08-26 21:12:54,167 - INFO - already downloaded
2023-08-26 21:12:54,360 - INFO - Started downloading ./imgs/chapter-4-the-pure-white-seashell
2023-08-26 21:12:55,508 - INFO - already downloaded
2023-08-26 21:12:56,519 - INFO - already downloaded
2023-08-26 21:12:57,685 - INFO - already downloaded
2023-08-26 21:12:58,835 - INFO - already downloaded
2023-08-26 21:12:59,990 - INFO - already downloaded
2023-08-26 21:13:01,143 - INFO - already downloaded
2023-08-26 21:13:02,441 - INFO - already downloaded
2023-08-26 21:13:03,583 - INFO - already downloaded
2023-08-26 21:13:04,571 - INFO - already downloaded
2023-08-26 21:13:05,716 - INFO - already downloaded
2023-08-26 21:13:06,858 - INFO - already downloaded
2023-08-26 21:13:07,697 - INFO - already downloaded
2023-08-26 21:13:08,844 - INFO - already downloaded
2023-08-26 21:13:09,971 - INFO - already downloaded
2023-08-26 21:13:11,101 - INFO - already downloaded
2023-08-26 21:13:12,392 - INFO - already downloaded
2023-08-26 21:13:12,798 - INFO - already downloaded
2023-08-26 21:13:13,921 - INFO - already downloaded
2023-08-26 21:13:14,101 - INFO - Started downloading ./imgs/chapter-5-yuzuriha
2023-08-26 21:13:14,427 - INFO - already downloaded
2023-08-26 21:13:15,413 - INFO - already downloaded
2023-08-26 21:13:16,389 - INFO - already downloaded
2023-08-26 21:13:17,515 - INFO - already downloaded
2023-08-26 21:13:18,525 - INFO - already downloaded
2023-08-26 21:13:19,679 - INFO - already downloaded
2023-08-26 21:13:20,846 - INFO - already downloaded
2023-08-26 21:13:21,990 - INFO - already downloaded
2023-08-26 21:13:23,150 - INFO - already downloaded
2023-08-26 21:13:24,287 - INFO - already downloaded
2023-08-26 21:13:25,596 - INFO - already downloaded
2023-08-26 21:13:26,433 - INFO - already downloaded
2023-08-26 21:13:27,569 - INFO - already downloaded
2023-08-26 21:13:28,699 - INFO - already downloaded
2023-08-26 21:13:29,823 - INFO - already downloaded
2023-08-26 21:13:31,108 - INFO - already downloaded
2023-08-26 21:13:31,939 - INFO - already downloaded
2023-08-26 21:13:33,063 - INFO - already downloaded
2023-08-26 21:13:33,227 - INFO - Started downloading ./imgs/chapter-6-taiju-vs-tsukasa
2023-08-26 21:13:34,357 - INFO - already downloaded
2023-08-26 21:13:35,350 - INFO - already downloaded
2023-08-26 21:13:36,480 - INFO - already downloaded
2023-08-26 21:13:37,473 - INFO - already downloaded
2023-08-26 21:13:38,453 - INFO - already downloaded
2023-08-26 21:13:39,438 - INFO - already downloaded
2023-08-26 21:13:40,716 - INFO - already downloaded
2023-08-26 21:13:41,850 - INFO - already downloaded
2023-08-26 21:13:43,002 - INFO - already downloaded
2023-08-26 21:13:44,304 - INFO - already downloaded
2023-08-26 21:13:45,452 - INFO - already downloaded
2023-08-26 21:13:46,456 - INFO - already downloaded
2023-08-26 21:13:47,440 - INFO - already downloaded
2023-08-26 21:13:48,297 - INFO - already downloaded
2023-08-26 21:13:49,430 - INFO - already downloaded
2023-08-26 21:13:50,587 - INFO - already downloaded
2023-08-26 21:13:51,866 - INFO - already downloaded
2023-08-26 21:13:52,066 - INFO - Started downloading ./imgs/chapter-7-the-gunpowder-adventure
2023-08-26 21:13:53,197 - INFO - already downloaded
2023-08-26 21:13:53,598 - INFO - already downloaded
2023-08-26 21:13:54,885 - INFO - already downloaded
2023-08-26 21:13:55,882 - INFO - already downloaded
2023-08-26 21:13:56,288 - INFO - already downloaded
2023-08-26 21:13:56,695 - INFO - already downloaded
2023-08-26 21:13:57,687 - INFO - already downloaded
2023-08-26 21:13:57,965 - INFO - already downloaded
2023-08-26 21:13:58,953 - INFO - already downloaded
2023-08-26 21:13:59,357 - INFO - already downloaded
2023-08-26 21:14:01,519 - INFO - already downloaded
2023-08-26 21:14:02,511 - INFO - already downloaded
2023-08-26 21:14:03,649 - INFO - already downloaded
2023-08-26 21:14:04,664 - INFO - already downloaded
2023-08-26 21:14:05,081 - INFO - already downloaded
2023-08-26 21:14:06,244 - INFO - already downloaded
2023-08-26 21:14:07,413 - INFO - already downloaded
2023-08-26 21:14:07,616 - INFO - Started downloading ./imgs/chapter-8
2023-08-26 21:14:08,626 - INFO - already downloaded
2023-08-26 21:14:09,501 - INFO - already downloaded
2023-08-26 21:14:10,349 - INFO - already downloaded
2023-08-26 21:14:11,198 - INFO - already downloaded
2023-08-26 21:14:12,196 - INFO - already downloaded
2023-08-26 21:14:13,186 - INFO - already downloaded
2023-08-26 21:14:14,031 - INFO - already downloaded
2023-08-26 21:14:15,019 - INFO - already downloaded
2023-08-26 21:14:16,002 - INFO - already downloaded
2023-08-26 21:14:16,407 - INFO - already downloaded
2023-08-26 21:14:17,408 - INFO - already downloaded
2023-08-26 21:14:18,402 - INFO - already downloaded
2023-08-26 21:14:19,394 - INFO - already downloaded
2023-08-26 21:14:20,228 - INFO - already downloaded
2023-08-26 21:14:21,360 - INFO - already downloaded
2023-08-26 21:14:22,201 - INFO - already downloaded
2023-08-26 21:14:22,605 - INFO - already downloaded
2023-08-26 21:14:23,598 - INFO - already downloaded
2023-08-26 21:14:23,779 - INFO - Started downloading ./imgs/chapter-8-5-jump-giga-extra
2023-08-26 21:14:24,619 - INFO - already downloaded
2023-08-26 21:14:25,823 - INFO - already downloaded
2023-08-26 21:14:26,678 - INFO - already downloaded
2023-08-26 21:14:27,686 - INFO - already downloaded
2023-08-26 21:14:27,883 - INFO - Started downloading ./imgs/chapter-9-senkuu-vs-tsukasa
2023-08-26 21:14:29,043 - INFO - already downloaded
2023-08-26 21:14:29,465 - INFO - already downloaded
2023-08-26 21:14:29,881 - INFO - already downloaded
2023-08-26 21:14:31,043 - INFO - already downloaded
2023-08-26 21:14:32,185 - INFO - already downloaded
2023-08-26 21:14:33,330 - INFO - already downloaded
2023-08-26 21:14:34,614 - INFO - already downloaded
2023-08-26 21:14:35,735 - INFO - already downloaded
2023-08-26 21:14:36,870 - INFO - already downloaded
2023-08-26 21:14:37,863 - INFO - already downloaded
2023-08-26 21:14:38,863 - INFO - already downloaded
2023-08-26 21:14:39,853 - INFO - already downloaded
2023-08-26 21:14:40,865 - INFO - already downloaded
2023-08-26 21:14:41,709 - INFO - already downloaded
2023-08-26 21:14:42,847 - INFO - already downloaded
2023-08-26 21:14:44,117 - INFO - already downloaded
2023-08-26 21:14:44,535 - INFO - already downloaded
2023-08-26 21:14:45,535 - INFO - already downloaded
2023-08-26 21:14:46,537 - INFO - already downloaded
2023-08-26 21:14:47,667 - INFO - already downloaded
2023-08-26 21:14:47,859 - INFO - Started downloading ./imgs/chapter-10-the-science-gang
2023-08-26 21:14:48,995 - INFO - already downloaded
2023-08-26 21:14:50,150 - INFO - already downloaded
2023-08-26 21:14:51,141 - INFO - already downloaded
2023-08-26 21:14:52,283 - INFO - already downloaded
2023-08-26 21:14:53,579 - INFO - already downloaded
2023-08-26 21:14:54,713 - INFO - already downloaded
2023-08-26 21:14:56,193 - INFO - already downloaded
2023-08-26 21:14:57,173 - INFO - already downloaded
2023-08-26 21:14:58,290 - INFO - already downloaded
2023-08-26 21:14:59,422 - INFO - already downloaded
2023-08-26 21:15:00,545 - INFO - already downloaded
2023-08-26 21:15:01,678 - INFO - already downloaded
2023-08-26 21:15:02,534 - INFO - already downloaded
2023-08-26 21:15:03,391 - INFO - already downloaded
2023-08-26 21:15:04,543 - INFO - already downloaded
2023-08-26 21:15:05,693 - INFO - already downloaded
2023-08-26 21:15:06,846 - INFO - already downloaded
2023-08-26 21:15:07,026 - INFO - Started downloading ./imgs/chapter-11-a-weapon-of-science
2023-08-26 21:15:08,162 - INFO - already downloaded
2023-08-26 21:15:09,161 - INFO - already downloaded
2023-08-26 21:15:09,573 - INFO - already downloaded
