2023-09-02 16:50:40,273 - WARNING - This img has problem with rgb /home/another_site/new_manga_reader/imgs/chapter-18-sorcery-showdown/1_img.jpg
2023-09-02 16:50:40,304 - WARNING - This img has problem with rgb /home/another_site/new_manga_reader/imgs/chapter-18-sorcery-showdown/3_img.jpg
2023-09-02 16:50:40,313 - WARNING - This img has problem with rgb /home/another_site/new_manga_reader/imgs/chapter-18-sorcery-showdown/4_img.jpg
2023-09-02 16:50:40,323 - WARNING - This img has problem with rgb /home/another_site/new_manga_reader/imgs/chapter-18-sorcery-showdown/5_img.jpg
2023-09-02 16:50:40,334 - WARNING - This img has problem with rgb /home/another_site/new_manga_reader/imgs/chapter-18-sorcery-showdown/6_img.jpg
2023-09-02 16:50:40,347 - WARNING - This img has problem with rgb /home/another_site/new_manga_reader/imgs/chapter-18-sorcery-showdown/7_img.jpg
2023-09-02 16:50:40,360 - WARNING - This img has problem with rgb /home/another_site/new_manga_reader/imgs/chapter-18-sorcery-showdown/8_img.jpg
2023-09-02 16:50:40,369 - WARNING - This img has problem with rgb /home/another_site/new_manga_reader/imgs/chapter-18-sorcery-showdown/9_img.jpg
2023-09-02 16:50:40,380 - WARNING - This img has problem with rgb /home/another_site/new_manga_reader/imgs/chapter-18-sorcery-showdown/10_img.jpg
2023-09-02 16:50:40,391 - WARNING - This img has problem with rgb /home/another_site/new_manga_reader/imgs/chapter-18-sorcery-showdown/11_img.jpg
2023-09-02 16:50:40,401 - WARNING - This img has problem with rgb /home/another_site/new_manga_reader/imgs/chapter-18-sorcery-showdown/12_img.jpg
2023-09-02 16:50:40,412 - WARNING - This img has problem with rgb /home/another_site/new_manga_reader/imgs/chapter-18-sorcery-showdown/13_img.jpg
2023-09-02 16:50:40,423 - WARNING - This img has problem with rgb /home/another_site/new_manga_reader/imgs/chapter-18-sorcery-showdown/14_img.jpg
2023-09-02 16:50:40,433 - WARNING - This img has problem with rgb /home/another_site/new_manga_reader/imgs/chapter-18-sorcery-showdown/15_img.jpg
2023-09-02 16:50:40,444 - WARNING - This img has problem with rgb /home/another_site/new_manga_reader/imgs/chapter-18-sorcery-showdown/16_img.jpg
2023-09-02 16:50:40,458 - WARNING - This img has problem with rgb /home/another_site/new_manga_reader/imgs/chapter-18-sorcery-showdown/17_img.jpg
2023-09-02 16:50:40,468 - WARNING - This img has problem with rgb /home/another_site/new_manga_reader/imgs/chapter-18-sorcery-showdown/18_img.jpg
2023-09-02 16:50:40,482 - WARNING - This img has problem with rgb /home/another_site/new_manga_reader/imgs/chapter-18-sorcery-showdown/19_img.jpg
2023-09-02 16:50:40,535 - WARNING - This img has problem with rgb /home/another_site/new_manga_reader/imgs/chapter-19-the-location-of-2000000-years/1_img.jpg
2023-09-02 16:50:40,627 - WARNING - This img has problem with rgb /home/another_site/new_manga_reader/imgs/chapter-19-the-location-of-2000000-years/4_img.jpg
2023-09-02 16:50:40,636 - WARNING - This img has problem with rgb /home/another_site/new_manga_reader/imgs/chapter-19-the-location-of-2000000-years/5_img.jpg
2023-09-02 16:50:40,646 - WARNING - This img has problem with rgb /home/another_site/new_manga_reader/imgs/chapter-19-the-location-of-2000000-years/6_img.jpg
2023-09-02 16:50:40,656 - WARNING - This img has problem with rgb /home/another_site/new_manga_reader/imgs/chapter-19-the-location-of-2000000-years/7_img.jpg
2023-09-02 16:50:40,666 - WARNING - This img has problem with rgb /home/another_site/new_manga_reader/imgs/chapter-19-the-location-of-2000000-years/8_img.jpg
2023-09-02 16:50:40,679 - WARNING - This img has problem with rgb /home/another_site/new_manga_reader/imgs/chapter-19-the-location-of-2000000-years/9_img.jpg
2023-09-02 16:50:40,688 - WARNING - This img has problem with rgb /home/another_site/new_manga_reader/imgs/chapter-19-the-location-of-2000000-years/10_img.jpg
2023-09-02 16:50:40,698 - WARNING - This img has problem with rgb /home/another_site/new_manga_reader/imgs/chapter-19-the-location-of-2000000-years/11_img.jpg
2023-09-02 16:50:40,708 - WARNING - This img has problem with rgb /home/another_site/new_manga_reader/imgs/chapter-19-the-location-of-2000000-years/12_img.jpg
2023-09-02 16:50:40,719 - WARNING - This img has problem with rgb /home/another_site/new_manga_reader/imgs/chapter-19-the-location-of-2000000-years/13_img.jpg
2023-09-02 16:50:40,794 - WARNING - This img has problem with rgb /home/another_site/new_manga_reader/imgs/chapter-19-the-location-of-2000000-years/15_img.jpg
2023-09-02 16:50:40,804 - WARNING - This img has problem with rgb /home/another_site/new_manga_reader/imgs/chapter-19-the-location-of-2000000-years/16_img.jpg
2023-09-02 16:50:40,814 - WARNING - This img has problem with rgb /home/another_site/new_manga_reader/imgs/chapter-19-the-location-of-2000000-years/17_img.jpg
2023-09-02 16:50:40,825 - WARNING - This img has problem with rgb /home/another_site/new_manga_reader/imgs/chapter-19-the-location-of-2000000-years/18_img.jpg
2023-09-02 16:50:40,884 - WARNING - This img has problem with rgb /home/another_site/new_manga_reader/imgs/chapter-20-stone-road/1_img.jpg
2023-09-02 16:50:40,963 - WARNING - This img has problem with rgb /home/another_site/new_manga_reader/imgs/chapter-20-stone-road/3_img.jpg
2023-09-02 16:50:40,973 - WARNING - This img has problem with rgb /home/another_site/new_manga_reader/imgs/chapter-20-stone-road/4_img.jpg
2023-09-02 16:50:40,984 - WARNING - This img has problem with rgb /home/another_site/new_manga_reader/imgs/chapter-20-stone-road/5_img.jpg
2023-09-02 16:50:40,995 - WARNING - This img has problem with rgb /home/another_site/new_manga_reader/imgs/chapter-20-stone-road/6_img.jpg
2023-09-02 16:50:41,010 - WARNING - This img has problem with rgb /home/another_site/new_manga_reader/imgs/chapter-20-stone-road/7_img.jpg
2023-09-02 16:50:41,020 - WARNING - This img has problem with rgb /home/another_site/new_manga_reader/imgs/chapter-20-stone-road/8_img.jpg
2023-09-02 16:50:41,151 - WARNING - This img has problem with rgb /home/another_site/new_manga_reader/imgs/chapter-20-stone-road/11_img.jpg
2023-09-02 16:50:41,159 - WARNING - This img has problem with rgb /home/another_site/new_manga_reader/imgs/chapter-20-stone-road/12_img.jpg
2023-09-02 16:50:41,169 - WARNING - This img has problem with rgb /home/another_site/new_manga_reader/imgs/chapter-20-stone-road/13_img.jpg
2023-09-02 16:50:41,179 - WARNING - This img has problem with rgb /home/another_site/new_manga_reader/imgs/chapter-20-stone-road/14_img.jpg
2023-09-02 16:50:41,189 - WARNING - This img has problem with rgb /home/another_site/new_manga_reader/imgs/chapter-20-stone-road/15_img.jpg
2023-09-02 16:50:41,199 - WARNING - This img has problem with rgb /home/another_site/new_manga_reader/imgs/chapter-20-stone-road/16_img.jpg
2023-09-02 16:50:43,350 - WARNING - This img has problem with rgb /home/another_site/new_manga_reader/imgs/chapter-25-with-this-hand-the-light-of-science/5_img.jpg
2023-09-02 16:50:43,360 - WARNING - This img has problem with rgb /home/another_site/new_manga_reader/imgs/chapter-25-with-this-hand-the-light-of-science/6_img.jpg
2023-09-02 16:50:43,370 - WARNING - This img has problem with rgb /home/another_site/new_manga_reader/imgs/chapter-25-with-this-hand-the-light-of-science/7_img.jpg
2023-09-02 16:50:43,380 - WARNING - This img has problem with rgb /home/another_site/new_manga_reader/imgs/chapter-25-with-this-hand-the-light-of-science/8_img.jpg
2023-09-02 16:50:43,395 - WARNING - This img has problem with rgb /home/another_site/new_manga_reader/imgs/chapter-25-with-this-hand-the-light-of-science/9_img.jpg
2023-09-02 16:50:43,408 - WARNING - This img has problem with rgb /home/another_site/new_manga_reader/imgs/chapter-25-with-this-hand-the-light-of-science/10_img.jpg
2023-09-02 16:50:43,415 - WARNING - This img has problem with rgb /home/another_site/new_manga_reader/imgs/chapter-25-with-this-hand-the-light-of-science/11_img.jpg
2023-09-02 16:50:43,424 - WARNING - This img has problem with rgb /home/another_site/new_manga_reader/imgs/chapter-25-with-this-hand-the-light-of-science/12_img.jpg
2023-09-02 16:50:43,434 - WARNING - This img has problem with rgb /home/another_site/new_manga_reader/imgs/chapter-25-with-this-hand-the-light-of-science/13_img.jpg
2023-09-02 16:50:43,444 - WARNING - This img has problem with rgb /home/another_site/new_manga_reader/imgs/chapter-25-with-this-hand-the-light-of-science/14_img.jpg
2023-09-02 16:50:43,454 - WARNING - This img has problem with rgb /home/another_site/new_manga_reader/imgs/chapter-25-with-this-hand-the-light-of-science/15_img.jpg
2023-09-02 16:50:43,466 - WARNING - This img has problem with rgb /home/another_site/new_manga_reader/imgs/chapter-25-with-this-hand-the-light-of-science/16_img.jpg
2023-09-02 16:50:43,474 - WARNING - This img has problem with rgb /home/another_site/new_manga_reader/imgs/chapter-25-with-this-hand-the-light-of-science/17_img.jpg
2023-09-02 16:50:43,481 - WARNING - This img has problem with rgb /home/another_site/new_manga_reader/imgs/chapter-25-with-this-hand-the-light-of-science/18_img.jpg
2023-09-02 16:50:43,489 - WARNING - This img has problem with rgb /home/another_site/new_manga_reader/imgs/chapter-25-with-this-hand-the-light-of-science/19_img.jpg
2023-09-02 16:50:43,497 - WARNING - This img has problem with rgb /home/another_site/new_manga_reader/imgs/chapter-25-with-this-hand-the-light-of-science/20_img.jpg
2023-09-02 16:50:43,510 - WARNING - This img has problem with rgb /home/another_site/new_manga_reader/imgs/chapter-25-with-this-hand-the-light-of-science/21_img.jpg
2023-09-02 16:50:43,747 - WARNING - This img has problem with rgb /home/another_site/new_manga_reader/imgs/chapter-27-a-certain-scientists-wish/1_img.jpg
2023-09-02 16:50:43,757 - WARNING - This img has problem with rgb /home/another_site/new_manga_reader/imgs/chapter-27-a-certain-scientists-wish/2_img.jpg
2023-09-02 16:50:43,766 - WARNING - This img has problem with rgb /home/another_site/new_manga_reader/imgs/chapter-27-a-certain-scientists-wish/3_img.jpg
2023-09-02 16:50:43,776 - WARNING - This img has problem with rgb /home/another_site/new_manga_reader/imgs/chapter-27-a-certain-scientists-wish/4_img.jpg
2023-09-02 16:50:43,784 - WARNING - This img has problem with rgb /home/another_site/new_manga_reader/imgs/chapter-27-a-certain-scientists-wish/5_img.jpg
2023-09-02 16:50:43,859 - WARNING - This img has problem with rgb /home/another_site/new_manga_reader/imgs/chapter-27-a-certain-scientists-wish/7_img.jpg
2023-09-02 16:50:43,870 - WARNING - This img has problem with rgb /home/another_site/new_manga_reader/imgs/chapter-27-a-certain-scientists-wish/8_img.jpg
2023-09-02 16:50:43,880 - WARNING - This img has problem with rgb /home/another_site/new_manga_reader/imgs/chapter-27-a-certain-scientists-wish/9_img.jpg
2023-09-02 16:50:43,889 - WARNING - This img has problem with rgb /home/another_site/new_manga_reader/imgs/chapter-27-a-certain-scientists-wish/10_img.jpg
2023-09-02 16:50:43,898 - WARNING - This img has problem with rgb /home/another_site/new_manga_reader/imgs/chapter-27-a-certain-scientists-wish/11_img.jpg
2023-09-02 16:50:43,906 - WARNING - This img has problem with rgb /home/another_site/new_manga_reader/imgs/chapter-27-a-certain-scientists-wish/12_img.jpg
2023-09-02 16:50:43,917 - WARNING - This img has problem with rgb /home/another_site/new_manga_reader/imgs/chapter-27-a-certain-scientists-wish/13_img.jpg
2023-09-02 16:50:43,928 - WARNING - This img has problem with rgb /home/another_site/new_manga_reader/imgs/chapter-27-a-certain-scientists-wish/14_img.jpg
2023-09-02 16:50:43,939 - WARNING - This img has problem with rgb /home/another_site/new_manga_reader/imgs/chapter-27-a-certain-scientists-wish/15_img.jpg
2023-09-02 16:50:43,948 - WARNING - This img has problem with rgb /home/another_site/new_manga_reader/imgs/chapter-27-a-certain-scientists-wish/16_img.jpg
2023-09-02 16:50:43,959 - WARNING - This img has problem with rgb /home/another_site/new_manga_reader/imgs/chapter-27-a-certain-scientists-wish/17_img.jpg
2023-09-02 16:50:43,971 - WARNING - This img has problem with rgb /home/another_site/new_manga_reader/imgs/chapter-27-a-certain-scientists-wish/18_img.jpg
2023-09-02 16:50:44,048 - WARNING - This img has problem with rgb /home/another_site/new_manga_reader/imgs/chapter-28-clear-world/1_img.jpg
2023-09-02 16:50:44,076 - WARNING - This img has problem with rgb /home/another_site/new_manga_reader/imgs/chapter-28-clear-world/3_img.jpg
2023-09-02 16:50:44,087 - WARNING - This img has problem with rgb /home/another_site/new_manga_reader/imgs/chapter-28-clear-world/4_img.jpg
2023-09-02 16:50:44,096 - WARNING - This img has problem with rgb /home/another_site/new_manga_reader/imgs/chapter-28-clear-world/5_img.jpg
2023-09-02 16:50:44,107 - WARNING - This img has problem with rgb /home/another_site/new_manga_reader/imgs/chapter-28-clear-world/6_img.jpg
2023-09-02 16:50:44,119 - WARNING - This img has problem with rgb /home/another_site/new_manga_reader/imgs/chapter-28-clear-world/7_img.jpg
2023-09-02 16:50:44,130 - WARNING - This img has problem with rgb /home/another_site/new_manga_reader/imgs/chapter-28-clear-world/8_img.jpg
2023-09-02 16:50:44,140 - WARNING - This img has problem with rgb /home/another_site/new_manga_reader/imgs/chapter-28-clear-world/9_img.jpg
2023-09-02 16:50:44,152 - WARNING - This img has problem with rgb /home/another_site/new_manga_reader/imgs/chapter-28-clear-world/10_img.jpg
2023-09-02 16:50:44,162 - WARNING - This img has problem with rgb /home/another_site/new_manga_reader/imgs/chapter-28-clear-world/11_img.jpg
2023-09-02 16:50:44,172 - WARNING - This img has problem with rgb /home/another_site/new_manga_reader/imgs/chapter-28-clear-world/12_img.jpg
2023-09-02 16:50:44,182 - WARNING - This img has problem with rgb /home/another_site/new_manga_reader/imgs/chapter-28-clear-world/13_img.jpg
2023-09-02 16:50:44,194 - WARNING - This img has problem with rgb /home/another_site/new_manga_reader/imgs/chapter-28-clear-world/14_img.jpg
2023-09-02 16:50:44,282 - WARNING - This img has problem with rgb /home/another_site/new_manga_reader/imgs/chapter-28-clear-world/16_img.jpg
2023-09-02 16:50:44,294 - WARNING - This img has problem with rgb /home/another_site/new_manga_reader/imgs/chapter-28-clear-world/17_img.jpg
2023-09-02 16:50:44,425 - WARNING - This img has problem with rgb /home/another_site/new_manga_reader/imgs/chapter-29-senkus-lab/1_img.jpg
2023-09-02 16:50:44,452 - WARNING - This img has problem with rgb /home/another_site/new_manga_reader/imgs/chapter-29-senkus-lab/3_img.jpg
2023-09-02 16:50:44,461 - WARNING - This img has problem with rgb /home/another_site/new_manga_reader/imgs/chapter-29-senkus-lab/4_img.jpg
2023-09-02 16:50:44,471 - WARNING - This img has problem with rgb /home/another_site/new_manga_reader/imgs/chapter-29-senkus-lab/5_img.jpg
2023-09-02 16:50:44,481 - WARNING - This img has problem with rgb /home/another_site/new_manga_reader/imgs/chapter-29-senkus-lab/6_img.jpg
2023-09-02 16:50:44,489 - WARNING - This img has problem with rgb /home/another_site/new_manga_reader/imgs/chapter-29-senkus-lab/7_img.jpg
2023-09-02 16:50:44,498 - WARNING - This img has problem with rgb /home/another_site/new_manga_reader/imgs/chapter-29-senkus-lab/8_img.jpg
2023-09-02 16:50:44,509 - WARNING - This img has problem with rgb /home/another_site/new_manga_reader/imgs/chapter-29-senkus-lab/9_img.jpg
2023-09-02 16:50:44,518 - WARNING - This img has problem with rgb /home/another_site/new_manga_reader/imgs/chapter-29-senkus-lab/10_img.jpg
2023-09-02 16:50:44,528 - WARNING - This img has problem with rgb /home/another_site/new_manga_reader/imgs/chapter-29-senkus-lab/11_img.jpg
2023-09-02 16:50:44,538 - WARNING - This img has problem with rgb /home/another_site/new_manga_reader/imgs/chapter-29-senkus-lab/12_img.jpg
2023-09-02 16:50:44,548 - WARNING - This img has problem with rgb /home/another_site/new_manga_reader/imgs/chapter-29-senkus-lab/13_img.jpg
2023-09-02 16:50:44,558 - WARNING - This img has problem with rgb /home/another_site/new_manga_reader/imgs/chapter-29-senkus-lab/14_img.jpg
2023-09-02 16:50:44,567 - WARNING - This img has problem with rgb /home/another_site/new_manga_reader/imgs/chapter-29-senkus-lab/15_img.jpg
2023-09-02 16:50:44,579 - WARNING - This img has problem with rgb /home/another_site/new_manga_reader/imgs/chapter-29-senkus-lab/16_img.jpg
2023-09-02 16:50:44,588 - WARNING - This img has problem with rgb /home/another_site/new_manga_reader/imgs/chapter-29-senkus-lab/17_img.jpg
2023-09-02 16:50:44,599 - WARNING - This img has problem with rgb /home/another_site/new_manga_reader/imgs/chapter-29-senkus-lab/18_img.jpg
2023-09-02 16:50:44,609 - WARNING - This img has problem with rgb /home/another_site/new_manga_reader/imgs/chapter-29-senkus-lab/19_img.jpg
2023-09-02 16:50:44,620 - WARNING - This img has problem with rgb /home/another_site/new_manga_reader/imgs/chapter-29-senkus-lab/20_img.jpg
2023-09-02 16:50:44,635 - WARNING - This img has problem with rgb /home/another_site/new_manga_reader/imgs/chapter-30-death-green/1_img.jpg
2023-09-02 16:50:44,642 - WARNING - This img has problem with rgb /home/another_site/new_manga_reader/imgs/chapter-30-death-green/2_img.jpg
2023-09-02 16:50:44,655 - WARNING - This img has problem with rgb /home/another_site/new_manga_reader/imgs/chapter-30-death-green/3_img.jpg
2023-09-02 16:50:44,665 - WARNING - This img has problem with rgb /home/another_site/new_manga_reader/imgs/chapter-30-death-green/4_img.jpg
2023-09-02 16:50:44,675 - WARNING - This img has problem with rgb /home/another_site/new_manga_reader/imgs/chapter-30-death-green/5_img.jpg
2023-09-02 16:50:44,685 - WARNING - This img has problem with rgb /home/another_site/new_manga_reader/imgs/chapter-30-death-green/6_img.jpg
2023-09-02 16:50:44,695 - WARNING - This img has problem with rgb /home/another_site/new_manga_reader/imgs/chapter-30-death-green/7_img.jpg
2023-09-02 16:50:44,703 - WARNING - This img has problem with rgb /home/another_site/new_manga_reader/imgs/chapter-30-death-green/8_img.jpg
2023-09-02 16:50:44,772 - WARNING - This img has problem with rgb /home/another_site/new_manga_reader/imgs/chapter-30-death-green/10_img.jpg
2023-09-02 16:50:44,782 - WARNING - This img has problem with rgb /home/another_site/new_manga_reader/imgs/chapter-30-death-green/11_img.jpg
2023-09-02 16:50:44,792 - WARNING - This img has problem with rgb /home/another_site/new_manga_reader/imgs/chapter-30-death-green/12_img.jpg
2023-09-02 16:50:44,802 - WARNING - This img has problem with rgb /home/another_site/new_manga_reader/imgs/chapter-30-death-green/13_img.jpg
2023-09-02 16:50:44,812 - WARNING - This img has problem with rgb /home/another_site/new_manga_reader/imgs/chapter-30-death-green/14_img.jpg
2023-09-02 16:50:44,821 - WARNING - This img has problem with rgb /home/another_site/new_manga_reader/imgs/chapter-30-death-green/15_img.jpg
2023-09-02 16:50:44,833 - WARNING - This img has problem with rgb /home/another_site/new_manga_reader/imgs/chapter-30-death-green/16_img.jpg
2023-09-02 16:50:44,845 - WARNING - This img has problem with rgb /home/another_site/new_manga_reader/imgs/chapter-30-death-green/17_img.jpg
2023-09-02 16:50:44,858 - WARNING - This img has problem with rgb /home/another_site/new_manga_reader/imgs/chapter-30-death-green/18_img.jpg
2023-09-02 16:50:44,869 - WARNING - This img has problem with rgb /home/another_site/new_manga_reader/imgs/chapter-30-death-green/19_img.jpg
2023-09-02 16:50:44,890 - WARNING - This img has problem with rgb /home/another_site/new_manga_reader/imgs/chapter-30-death-green/20_img.jpg
2023-09-02 16:50:44,972 - WARNING - This img has problem with rgb /home/another_site/new_manga_reader/imgs/chapter-31-comrades-who-stand-back-to-back/1_img.jpg
2023-09-02 16:50:44,998 - WARNING - This img has problem with rgb /home/another_site/new_manga_reader/imgs/chapter-31-comrades-who-stand-back-to-back/3_img.jpg
2023-09-02 16:50:45,006 - WARNING - This img has problem with rgb /home/another_site/new_manga_reader/imgs/chapter-31-comrades-who-stand-back-to-back/4_img.jpg
2023-09-02 16:50:45,015 - WARNING - This img has problem with rgb /home/another_site/new_manga_reader/imgs/chapter-31-comrades-who-stand-back-to-back/5_img.jpg
2023-09-02 16:50:45,023 - WARNING - This img has problem with rgb /home/another_site/new_manga_reader/imgs/chapter-31-comrades-who-stand-back-to-back/6_img.jpg
2023-09-02 16:50:45,032 - WARNING - This img has problem with rgb /home/another_site/new_manga_reader/imgs/chapter-31-comrades-who-stand-back-to-back/7_img.jpg
2023-09-02 16:50:45,041 - WARNING - This img has problem with rgb /home/another_site/new_manga_reader/imgs/chapter-31-comrades-who-stand-back-to-back/8_img.jpg
2023-09-02 16:50:45,052 - WARNING - This img has problem with rgb /home/another_site/new_manga_reader/imgs/chapter-31-comrades-who-stand-back-to-back/9_img.jpg
2023-09-02 16:50:45,061 - WARNING - This img has problem with rgb /home/another_site/new_manga_reader/imgs/chapter-31-comrades-who-stand-back-to-back/10_img.jpg
2023-09-02 16:50:45,070 - WARNING - This img has problem with rgb /home/another_site/new_manga_reader/imgs/chapter-31-comrades-who-stand-back-to-back/11_img.jpg
2023-09-02 16:50:45,079 - WARNING - This img has problem with rgb /home/another_site/new_manga_reader/imgs/chapter-31-comrades-who-stand-back-to-back/12_img.jpg
2023-09-02 16:50:45,088 - WARNING - This img has problem with rgb /home/another_site/new_manga_reader/imgs/chapter-31-comrades-who-stand-back-to-back/13_img.jpg
2023-09-02 16:50:45,097 - WARNING - This img has problem with rgb /home/another_site/new_manga_reader/imgs/chapter-31-comrades-who-stand-back-to-back/14_img.jpg
2023-09-02 16:50:45,111 - WARNING - This img has problem with rgb /home/another_site/new_manga_reader/imgs/chapter-31-comrades-who-stand-back-to-back/15_img.jpg
2023-09-02 16:50:45,120 - WARNING - This img has problem with rgb /home/another_site/new_manga_reader/imgs/chapter-31-comrades-who-stand-back-to-back/16_img.jpg
2023-09-02 16:50:45,130 - WARNING - This img has problem with rgb /home/another_site/new_manga_reader/imgs/chapter-31-comrades-who-stand-back-to-back/17_img.jpg
2023-09-02 16:50:45,140 - WARNING - This img has problem with rgb /home/another_site/new_manga_reader/imgs/chapter-31-comrades-who-stand-back-to-back/18_img.jpg
2023-09-02 16:50:45,149 - WARNING - This img has problem with rgb /home/another_site/new_manga_reader/imgs/chapter-31-comrades-who-stand-back-to-back/19_img.jpg
2023-09-02 16:50:45,158 - WARNING - This img has problem with rgb /home/another_site/new_manga_reader/imgs/chapter-32-brain-and-heart/1_img.jpg
2023-09-02 16:50:45,245 - WARNING - This img has problem with rgb /home/another_site/new_manga_reader/imgs/chapter-32-brain-and-heart/4_img.jpg
2023-09-02 16:50:45,254 - WARNING - This img has problem with rgb /home/another_site/new_manga_reader/imgs/chapter-32-brain-and-heart/5_img.jpg
2023-09-02 16:50:45,262 - WARNING - This img has problem with rgb /home/another_site/new_manga_reader/imgs/chapter-32-brain-and-heart/6_img.jpg
2023-09-02 16:50:45,272 - WARNING - This img has problem with rgb /home/another_site/new_manga_reader/imgs/chapter-32-brain-and-heart/7_img.jpg
2023-09-02 16:50:45,282 - WARNING - This img has problem with rgb /home/another_site/new_manga_reader/imgs/chapter-32-brain-and-heart/8_img.jpg
2023-09-02 16:50:45,292 - WARNING - This img has problem with rgb /home/another_site/new_manga_reader/imgs/chapter-32-brain-and-heart/9_img.jpg
2023-09-02 16:50:45,302 - WARNING - This img has problem with rgb /home/another_site/new_manga_reader/imgs/chapter-32-brain-and-heart/10_img.jpg
2023-09-02 16:50:45,312 - WARNING - This img has problem with rgb /home/another_site/new_manga_reader/imgs/chapter-32-brain-and-heart/11_img.jpg
2023-09-02 16:50:45,320 - WARNING - This img has problem with rgb /home/another_site/new_manga_reader/imgs/chapter-32-brain-and-heart/12_img.jpg
2023-09-02 16:50:45,330 - WARNING - This img has problem with rgb /home/another_site/new_manga_reader/imgs/chapter-32-brain-and-heart/13_img.jpg
2023-09-02 16:50:45,404 - WARNING - This img has problem with rgb /home/another_site/new_manga_reader/imgs/chapter-32-brain-and-heart/15_img.jpg
2023-09-02 16:50:45,413 - WARNING - This img has problem with rgb /home/another_site/new_manga_reader/imgs/chapter-32-brain-and-heart/16_img.jpg
2023-09-02 16:50:45,482 - WARNING - This img has problem with rgb /home/another_site/new_manga_reader/imgs/chapter-33-dangerous-medicine/1_img.jpg
2023-09-02 16:50:45,509 - WARNING - This img has problem with rgb /home/another_site/new_manga_reader/imgs/chapter-33-dangerous-medicine/3_img.jpg
2023-09-02 16:50:45,518 - WARNING - This img has problem with rgb /home/another_site/new_manga_reader/imgs/chapter-33-dangerous-medicine/4_img.jpg
2023-09-02 16:50:45,527 - WARNING - This img has problem with rgb /home/another_site/new_manga_reader/imgs/chapter-33-dangerous-medicine/5_img.jpg
2023-09-02 16:50:45,536 - WARNING - This img has problem with rgb /home/another_site/new_manga_reader/imgs/chapter-33-dangerous-medicine/6_img.jpg
2023-09-02 16:50:45,545 - WARNING - This img has problem with rgb /home/another_site/new_manga_reader/imgs/chapter-33-dangerous-medicine/7_img.jpg
2023-09-02 16:50:45,553 - WARNING - This img has problem with rgb /home/another_site/new_manga_reader/imgs/chapter-33-dangerous-medicine/8_img.jpg
2023-09-02 16:50:45,562 - WARNING - This img has problem with rgb /home/another_site/new_manga_reader/imgs/chapter-33-dangerous-medicine/9_img.jpg
2023-09-02 16:50:45,570 - WARNING - This img has problem with rgb /home/another_site/new_manga_reader/imgs/chapter-33-dangerous-medicine/10_img.jpg
2023-09-02 16:50:45,578 - WARNING - This img has problem with rgb /home/another_site/new_manga_reader/imgs/chapter-33-dangerous-medicine/11_img.jpg
2023-09-02 16:50:45,589 - WARNING - This img has problem with rgb /home/another_site/new_manga_reader/imgs/chapter-33-dangerous-medicine/12_img.jpg
2023-09-02 16:50:45,599 - WARNING - This img has problem with rgb /home/another_site/new_manga_reader/imgs/chapter-33-dangerous-medicine/13_img.jpg
2023-09-02 16:50:45,609 - WARNING - This img has problem with rgb /home/another_site/new_manga_reader/imgs/chapter-33-dangerous-medicine/14_img.jpg
2023-09-02 16:50:45,618 - WARNING - This img has problem with rgb /home/another_site/new_manga_reader/imgs/chapter-33-dangerous-medicine/15_img.jpg
2023-09-02 16:50:45,628 - WARNING - This img has problem with rgb /home/another_site/new_manga_reader/imgs/chapter-33-dangerous-medicine/16_img.jpg
2023-09-02 16:50:45,705 - WARNING - This img has problem with rgb /home/another_site/new_manga_reader/imgs/chapter-33-dangerous-medicine/18_img.jpg
2023-09-02 16:50:45,714 - WARNING - This img has problem with rgb /home/another_site/new_manga_reader/imgs/chapter-33-dangerous-medicine/19_img.jpg
2023-09-02 16:50:45,721 - WARNING - This img has problem with rgb /home/another_site/new_manga_reader/imgs/chapter-34-schemers-tournament/1_img.jpg
2023-09-02 16:50:45,727 - WARNING - This img has problem with rgb /home/another_site/new_manga_reader/imgs/chapter-34-schemers-tournament/2_img.jpg
2023-09-02 16:50:45,735 - WARNING - This img has problem with rgb /home/another_site/new_manga_reader/imgs/chapter-34-schemers-tournament/3_img.jpg
2023-09-02 16:50:45,743 - WARNING - This img has problem with rgb /home/another_site/new_manga_reader/imgs/chapter-34-schemers-tournament/4_img.jpg
2023-09-02 16:50:45,750 - WARNING - This img has problem with rgb /home/another_site/new_manga_reader/imgs/chapter-34-schemers-tournament/5_img.jpg
2023-09-02 16:50:45,759 - WARNING - This img has problem with rgb /home/another_site/new_manga_reader/imgs/chapter-34-schemers-tournament/6_img.jpg
2023-09-02 16:50:45,767 - WARNING - This img has problem with rgb /home/another_site/new_manga_reader/imgs/chapter-34-schemers-tournament/7_img.jpg
2023-09-02 16:50:45,774 - WARNING - This img has problem with rgb /home/another_site/new_manga_reader/imgs/chapter-34-schemers-tournament/8_img.jpg
2023-09-02 16:50:45,782 - WARNING - This img has problem with rgb /home/another_site/new_manga_reader/imgs/chapter-34-schemers-tournament/9_img.jpg
2023-09-02 16:50:45,791 - WARNING - This img has problem with rgb /home/another_site/new_manga_reader/imgs/chapter-34-schemers-tournament/10_img.jpg
2023-09-02 16:50:45,799 - WARNING - This img has problem with rgb /home/another_site/new_manga_reader/imgs/chapter-34-schemers-tournament/11_img.jpg
2023-09-02 16:50:45,808 - WARNING - This img has problem with rgb /home/another_site/new_manga_reader/imgs/chapter-34-schemers-tournament/12_img.jpg
2023-09-02 16:50:45,874 - WARNING - This img has problem with rgb /home/another_site/new_manga_reader/imgs/chapter-34-schemers-tournament/14_img.jpg
2023-09-02 16:50:45,882 - WARNING - This img has problem with rgb /home/another_site/new_manga_reader/imgs/chapter-34-schemers-tournament/15_img.jpg
2023-09-02 16:50:45,893 - WARNING - This img has problem with rgb /home/another_site/new_manga_reader/imgs/chapter-34-schemers-tournament/16_img.jpg
2023-09-02 16:50:45,902 - WARNING - This img has problem with rgb /home/another_site/new_manga_reader/imgs/chapter-34-schemers-tournament/17_img.jpg
2023-09-02 16:50:45,911 - WARNING - This img has problem with rgb /home/another_site/new_manga_reader/imgs/chapter-34-schemers-tournament/18_img.jpg
2023-09-02 16:50:45,919 - WARNING - This img has problem with rgb /home/another_site/new_manga_reader/imgs/chapter-34-schemers-tournament/19_img.jpg
2023-09-02 16:50:45,953 - WARNING - This img has problem with rgb /home/another_site/new_manga_reader/imgs/chapter-35-masked-man/1_img.jpg
2023-09-02 16:50:46,042 - WARNING - This img has problem with rgb /home/another_site/new_manga_reader/imgs/chapter-35-masked-man/4_img.jpg
2023-09-02 16:50:46,055 - WARNING - This img has problem with rgb /home/another_site/new_manga_reader/imgs/chapter-35-masked-man/5_img.jpg
2023-09-02 16:50:46,064 - WARNING - This img has problem with rgb /home/another_site/new_manga_reader/imgs/chapter-35-masked-man/6_img.jpg
2023-09-02 16:50:46,075 - WARNING - This img has problem with rgb /home/another_site/new_manga_reader/imgs/chapter-35-masked-man/7_img.jpg
2023-09-02 16:50:46,086 - WARNING - This img has problem with rgb /home/another_site/new_manga_reader/imgs/chapter-35-masked-man/8_img.jpg
2023-09-02 16:50:46,096 - WARNING - This img has problem with rgb /home/another_site/new_manga_reader/imgs/chapter-35-masked-man/9_img.jpg
2023-09-02 16:50:46,105 - WARNING - This img has problem with rgb /home/another_site/new_manga_reader/imgs/chapter-35-masked-man/10_img.jpg
2023-09-02 16:50:46,115 - WARNING - This img has problem with rgb /home/another_site/new_manga_reader/imgs/chapter-35-masked-man/11_img.jpg
2023-09-02 16:50:46,126 - WARNING - This img has problem with rgb /home/another_site/new_manga_reader/imgs/chapter-35-masked-man/12_img.jpg
2023-09-02 16:50:46,135 - WARNING - This img has problem with rgb /home/another_site/new_manga_reader/imgs/chapter-35-masked-man/13_img.jpg
2023-09-02 16:50:46,146 - WARNING - This img has problem with rgb /home/another_site/new_manga_reader/imgs/chapter-35-masked-man/14_img.jpg
2023-09-02 16:50:46,156 - WARNING - This img has problem with rgb /home/another_site/new_manga_reader/imgs/chapter-35-masked-man/15_img.jpg
2023-09-02 16:50:46,165 - WARNING - This img has problem with rgb /home/another_site/new_manga_reader/imgs/chapter-35-masked-man/16_img.jpg
2023-09-02 16:50:46,173 - WARNING - This img has problem with rgb /home/another_site/new_manga_reader/imgs/chapter-35-masked-man/17_img.jpg
2023-09-02 16:50:46,182 - WARNING - This img has problem with rgb /home/another_site/new_manga_reader/imgs/chapter-35-masked-man/18_img.jpg
2023-09-02 16:50:46,191 - WARNING - This img has problem with rgb /home/another_site/new_manga_reader/imgs/chapter-35-masked-man/19_img.jpg
2023-09-02 16:50:46,820 - WARNING - This img has problem with rgb /home/another_site/new_manga_reader/imgs/chapter-37-the-science-user-chrome/1_img.jpg
2023-09-02 16:50:46,846 - WARNING - This img has problem with rgb /home/another_site/new_manga_reader/imgs/chapter-37-the-science-user-chrome/3_img.jpg
2023-09-02 16:50:46,855 - WARNING - This img has problem with rgb /home/another_site/new_manga_reader/imgs/chapter-37-the-science-user-chrome/4_img.jpg
2023-09-02 16:50:46,865 - WARNING - This img has problem with rgb /home/another_site/new_manga_reader/imgs/chapter-37-the-science-user-chrome/5_img.jpg
2023-09-02 16:50:46,875 - WARNING - This img has problem with rgb /home/another_site/new_manga_reader/imgs/chapter-37-the-science-user-chrome/6_img.jpg
2023-09-02 16:50:46,884 - WARNING - This img has problem with rgb /home/another_site/new_manga_reader/imgs/chapter-37-the-science-user-chrome/7_img.jpg
2023-09-02 16:50:46,895 - WARNING - This img has problem with rgb /home/another_site/new_manga_reader/imgs/chapter-37-the-science-user-chrome/8_img.jpg
2023-09-02 16:50:46,904 - WARNING - This img has problem with rgb /home/another_site/new_manga_reader/imgs/chapter-37-the-science-user-chrome/9_img.jpg
2023-09-02 16:50:46,912 - WARNING - This img has problem with rgb /home/another_site/new_manga_reader/imgs/chapter-37-the-science-user-chrome/10_img.jpg
2023-09-02 16:50:46,983 - WARNING - This img has problem with rgb /home/another_site/new_manga_reader/imgs/chapter-37-the-science-user-chrome/12_img.jpg
2023-09-02 16:50:46,993 - WARNING - This img has problem with rgb /home/another_site/new_manga_reader/imgs/chapter-37-the-science-user-chrome/13_img.jpg
2023-09-02 16:50:47,003 - WARNING - This img has problem with rgb /home/another_site/new_manga_reader/imgs/chapter-37-the-science-user-chrome/14_img.jpg
2023-09-02 16:50:47,014 - WARNING - This img has problem with rgb /home/another_site/new_manga_reader/imgs/chapter-37-the-science-user-chrome/15_img.jpg
2023-09-02 16:50:47,023 - WARNING - This img has problem with rgb /home/another_site/new_manga_reader/imgs/chapter-37-the-science-user-chrome/16_img.jpg
2023-09-02 16:50:47,033 - WARNING - This img has problem with rgb /home/another_site/new_manga_reader/imgs/chapter-37-the-science-user-chrome/17_img.jpg
2023-09-02 16:50:47,041 - WARNING - This img has problem with rgb /home/another_site/new_manga_reader/imgs/chapter-37-the-science-user-chrome/18_img.jpg
2023-09-02 16:50:47,055 - WARNING - This img has problem with rgb /home/another_site/new_manga_reader/imgs/chapter-37-the-science-user-chrome/19_img.jpg
2023-09-02 16:50:47,120 - WARNING - This img has problem with rgb /home/another_site/new_manga_reader/imgs/chapter-38-master-of-flame/3_img.jpg
2023-09-02 16:50:47,129 - WARNING - This img has problem with rgb /home/another_site/new_manga_reader/imgs/chapter-38-master-of-flame/4_img.jpg
2023-09-02 16:50:47,202 - WARNING - This img has problem with rgb /home/another_site/new_manga_reader/imgs/chapter-38-master-of-flame/6_img.jpg
2023-09-02 16:50:47,211 - WARNING - This img has problem with rgb /home/another_site/new_manga_reader/imgs/chapter-38-master-of-flame/7_img.jpg
2023-09-02 16:50:47,221 - WARNING - This img has problem with rgb /home/another_site/new_manga_reader/imgs/chapter-38-master-of-flame/8_img.jpg
2023-09-02 16:50:47,229 - WARNING - This img has problem with rgb /home/another_site/new_manga_reader/imgs/chapter-38-master-of-flame/9_img.jpg
2023-09-02 16:50:47,238 - WARNING - This img has problem with rgb /home/another_site/new_manga_reader/imgs/chapter-38-master-of-flame/10_img.jpg
2023-09-02 16:50:47,246 - WARNING - This img has problem with rgb /home/another_site/new_manga_reader/imgs/chapter-38-master-of-flame/11_img.jpg
2023-09-02 16:50:47,255 - WARNING - This img has problem with rgb /home/another_site/new_manga_reader/imgs/chapter-38-master-of-flame/12_img.jpg
2023-09-02 16:50:47,263 - WARNING - This img has problem with rgb /home/another_site/new_manga_reader/imgs/chapter-38-master-of-flame/13_img.jpg
2023-09-02 16:50:47,271 - WARNING - This img has problem with rgb /home/another_site/new_manga_reader/imgs/chapter-38-master-of-flame/14_img.jpg
2023-09-02 16:50:47,280 - WARNING - This img has problem with rgb /home/another_site/new_manga_reader/imgs/chapter-38-master-of-flame/15_img.jpg
2023-09-02 16:50:47,290 - WARNING - This img has problem with rgb /home/another_site/new_manga_reader/imgs/chapter-38-master-of-flame/16_img.jpg
2023-09-02 16:50:47,298 - WARNING - This img has problem with rgb /home/another_site/new_manga_reader/imgs/chapter-38-master-of-flame/17_img.jpg
2023-09-02 16:50:47,307 - WARNING - This img has problem with rgb /home/another_site/new_manga_reader/imgs/chapter-38-master-of-flame/18_img.jpg
2023-09-02 16:50:47,317 - WARNING - This img has problem with rgb /home/another_site/new_manga_reader/imgs/chapter-38-master-of-flame/19_img.jpg
2023-09-02 16:50:47,326 - WARNING - This img has problem with rgb /home/another_site/new_manga_reader/imgs/chapter-38-master-of-flame/20_img.jpg
2023-09-02 16:50:47,362 - WARNING - This img has problem with rgb /home/another_site/new_manga_reader/imgs/chapter-39-and-the-winner-is/1_img.jpg
2023-09-02 16:50:47,393 - WARNING - This img has problem with rgb /home/another_site/new_manga_reader/imgs/chapter-39-and-the-winner-is/3_img.jpg
2023-09-02 16:50:47,402 - WARNING - This img has problem with rgb /home/another_site/new_manga_reader/imgs/chapter-39-and-the-winner-is/4_img.jpg
2023-09-02 16:50:47,411 - WARNING - This img has problem with rgb /home/another_site/new_manga_reader/imgs/chapter-39-and-the-winner-is/5_img.jpg
2023-09-02 16:50:47,420 - WARNING - This img has problem with rgb /home/another_site/new_manga_reader/imgs/chapter-39-and-the-winner-is/6_img.jpg
2023-09-02 16:50:47,429 - WARNING - This img has problem with rgb /home/another_site/new_manga_reader/imgs/chapter-39-and-the-winner-is/7_img.jpg
2023-09-02 16:50:47,438 - WARNING - This img has problem with rgb /home/another_site/new_manga_reader/imgs/chapter-39-and-the-winner-is/8_img.jpg
2023-09-02 16:50:47,507 - WARNING - This img has problem with rgb /home/another_site/new_manga_reader/imgs/chapter-39-and-the-winner-is/10_img.jpg
2023-09-02 16:50:47,517 - WARNING - This img has problem with rgb /home/another_site/new_manga_reader/imgs/chapter-39-and-the-winner-is/11_img.jpg
2023-09-02 16:50:47,526 - WARNING - This img has problem with rgb /home/another_site/new_manga_reader/imgs/chapter-39-and-the-winner-is/12_img.jpg
2023-09-02 16:50:47,536 - WARNING - This img has problem with rgb /home/another_site/new_manga_reader/imgs/chapter-39-and-the-winner-is/13_img.jpg
2023-09-02 16:50:47,545 - WARNING - This img has problem with rgb /home/another_site/new_manga_reader/imgs/chapter-39-and-the-winner-is/14_img.jpg
2023-09-02 16:50:47,554 - WARNING - This img has problem with rgb /home/another_site/new_manga_reader/imgs/chapter-39-and-the-winner-is/15_img.jpg
2023-09-02 16:50:47,564 - WARNING - This img has problem with rgb /home/another_site/new_manga_reader/imgs/chapter-39-and-the-winner-is/16_img.jpg
2023-09-02 16:50:47,572 - WARNING - This img has problem with rgb /home/another_site/new_manga_reader/imgs/chapter-39-and-the-winner-is/17_img.jpg
2023-09-02 16:50:47,894 - WARNING - This img has problem with rgb /home/another_site/new_manga_reader/imgs/chapter-40-2-million-years-of-crystallization/5_img.jpg
2023-09-02 16:50:47,902 - WARNING - This img has problem with rgb /home/another_site/new_manga_reader/imgs/chapter-40-2-million-years-of-crystallization/6_img.jpg
2023-09-02 16:50:47,910 - WARNING - This img has problem with rgb /home/another_site/new_manga_reader/imgs/chapter-40-2-million-years-of-crystallization/7_img.jpg
2023-09-02 16:50:47,919 - WARNING - This img has problem with rgb /home/another_site/new_manga_reader/imgs/chapter-40-2-million-years-of-crystallization/8_img.jpg
2023-09-02 16:50:47,929 - WARNING - This img has problem with rgb /home/another_site/new_manga_reader/imgs/chapter-40-2-million-years-of-crystallization/9_img.jpg
2023-09-02 16:50:47,939 - WARNING - This img has problem with rgb /home/another_site/new_manga_reader/imgs/chapter-40-2-million-years-of-crystallization/10_img.jpg
2023-09-02 16:50:47,947 - WARNING - This img has problem with rgb /home/another_site/new_manga_reader/imgs/chapter-40-2-million-years-of-crystallization/11_img.jpg
2023-09-02 16:50:47,956 - WARNING - This img has problem with rgb /home/another_site/new_manga_reader/imgs/chapter-40-2-million-years-of-crystallization/12_img.jpg
2023-09-02 16:50:47,964 - WARNING - This img has problem with rgb /home/another_site/new_manga_reader/imgs/chapter-40-2-million-years-of-crystallization/13_img.jpg
2023-09-02 16:50:48,039 - WARNING - This img has problem with rgb /home/another_site/new_manga_reader/imgs/chapter-40-2-million-years-of-crystallization/15_img.jpg
2023-09-02 16:50:48,052 - WARNING - This img has problem with rgb /home/another_site/new_manga_reader/imgs/chapter-40-2-million-years-of-crystallization/16_img.jpg
2023-09-02 16:50:48,061 - WARNING - This img has problem with rgb /home/another_site/new_manga_reader/imgs/chapter-40-2-million-years-of-crystallization/17_img.jpg
2023-09-02 16:50:48,070 - WARNING - This img has problem with rgb /home/another_site/new_manga_reader/imgs/chapter-40-2-million-years-of-crystallization/18_img.jpg
2023-09-02 16:50:48,082 - WARNING - This img has problem with rgb /home/another_site/new_manga_reader/imgs/chapter-40-2-million-years-of-crystallization/19_img.jpg
2023-09-02 16:50:48,091 - WARNING - This img has problem with rgb /home/another_site/new_manga_reader/imgs/chapter-40-2-million-years-of-crystallization/20_img.jpg
2023-09-02 16:50:48,099 - WARNING - This img has problem with rgb /home/another_site/new_manga_reader/imgs/chapter-40-2-million-years-of-crystallization/21_img.jpg
2023-09-02 16:50:48,110 - WARNING - This img has problem with rgb /home/another_site/new_manga_reader/imgs/chapter-40-2-million-years-of-crystallization/22_img.jpg
2023-09-02 16:50:48,118 - WARNING - This img has problem with rgb /home/another_site/new_manga_reader/imgs/chapter-41-doctor-stone/1_img.jpg
2023-09-02 16:50:48,145 - WARNING - This img has problem with rgb /home/another_site/new_manga_reader/imgs/chapter-41-doctor-stone/3_img.jpg
2023-09-02 16:50:48,156 - WARNING - This img has problem with rgb /home/another_site/new_manga_reader/imgs/chapter-41-doctor-stone/4_img.jpg
2023-09-02 16:50:48,167 - WARNING - This img has problem with rgb /home/another_site/new_manga_reader/imgs/chapter-41-doctor-stone/5_img.jpg
2023-09-02 16:50:48,178 - WARNING - This img has problem with rgb /home/another_site/new_manga_reader/imgs/chapter-41-doctor-stone/6_img.jpg
2023-09-02 16:50:48,189 - WARNING - This img has problem with rgb /home/another_site/new_manga_reader/imgs/chapter-41-doctor-stone/7_img.jpg
2023-09-02 16:50:48,198 - WARNING - This img has problem with rgb /home/another_site/new_manga_reader/imgs/chapter-41-doctor-stone/8_img.jpg
2023-09-02 16:50:48,208 - WARNING - This img has problem with rgb /home/another_site/new_manga_reader/imgs/chapter-41-doctor-stone/9_img.jpg
2023-09-02 16:50:48,217 - WARNING - This img has problem with rgb /home/another_site/new_manga_reader/imgs/chapter-41-doctor-stone/10_img.jpg
2023-09-02 16:50:48,288 - WARNING - This img has problem with rgb /home/another_site/new_manga_reader/imgs/chapter-41-doctor-stone/12_img.jpg
2023-09-02 16:50:48,296 - WARNING - This img has problem with rgb /home/another_site/new_manga_reader/imgs/chapter-41-doctor-stone/13_img.jpg
2023-09-02 16:50:48,308 - WARNING - This img has problem with rgb /home/another_site/new_manga_reader/imgs/chapter-41-doctor-stone/14_img.jpg
2023-09-02 16:50:48,319 - WARNING - This img has problem with rgb /home/another_site/new_manga_reader/imgs/chapter-41-doctor-stone/15_img.jpg
2023-09-02 16:50:48,328 - WARNING - This img has problem with rgb /home/another_site/new_manga_reader/imgs/chapter-41-doctor-stone/16_img.jpg
2023-09-02 16:50:48,337 - WARNING - This img has problem with rgb /home/another_site/new_manga_reader/imgs/chapter-41-doctor-stone/17_img.jpg
2023-09-02 16:50:48,347 - WARNING - This img has problem with rgb /home/another_site/new_manga_reader/imgs/chapter-41-doctor-stone/18_img.jpg
2023-09-02 16:50:48,358 - WARNING - This img has problem with rgb /home/another_site/new_manga_reader/imgs/chapter-41-doctor-stone/19_img.jpg
2023-09-02 16:50:51,791 - WARNING - This img has problem with rgb /home/another_site/new_manga_reader/imgs/chapter-48-blade-of-science/3_img.jpg
2023-09-02 16:50:51,800 - WARNING - This img has problem with rgb /home/another_site/new_manga_reader/imgs/chapter-48-blade-of-science/4_img.jpg
2023-09-02 16:50:51,872 - WARNING - This img has problem with rgb /home/another_site/new_manga_reader/imgs/chapter-48-blade-of-science/6_img.jpg
2023-09-02 16:50:51,883 - WARNING - This img has problem with rgb /home/another_site/new_manga_reader/imgs/chapter-48-blade-of-science/7_img.jpg
2023-09-02 16:50:51,954 - WARNING - This img has problem with rgb /home/another_site/new_manga_reader/imgs/chapter-48-blade-of-science/9_img.jpg
2023-09-02 16:50:51,963 - WARNING - This img has problem with rgb /home/another_site/new_manga_reader/imgs/chapter-48-blade-of-science/10_img.jpg
2023-09-02 16:50:51,972 - WARNING - This img has problem with rgb /home/another_site/new_manga_reader/imgs/chapter-48-blade-of-science/11_img.jpg
2023-09-02 16:50:51,982 - WARNING - This img has problem with rgb /home/another_site/new_manga_reader/imgs/chapter-48-blade-of-science/12_img.jpg
2023-09-02 16:50:51,992 - WARNING - This img has problem with rgb /home/another_site/new_manga_reader/imgs/chapter-48-blade-of-science/13_img.jpg
2023-09-02 16:50:52,003 - WARNING - This img has problem with rgb /home/another_site/new_manga_reader/imgs/chapter-48-blade-of-science/14_img.jpg
2023-09-02 16:50:52,013 - WARNING - This img has problem with rgb /home/another_site/new_manga_reader/imgs/chapter-48-blade-of-science/15_img.jpg
2023-09-02 16:50:52,025 - WARNING - This img has problem with rgb /home/another_site/new_manga_reader/imgs/chapter-48-blade-of-science/16_img.jpg
2023-09-02 16:50:52,038 - WARNING - This img has problem with rgb /home/another_site/new_manga_reader/imgs/chapter-48-blade-of-science/17_img.jpg
2023-09-02 16:50:52,049 - WARNING - This img has problem with rgb /home/another_site/new_manga_reader/imgs/chapter-48-blade-of-science/18_img.jpg
2023-09-02 16:50:52,059 - WARNING - This img has problem with rgb /home/another_site/new_manga_reader/imgs/chapter-48-blade-of-science/19_img.jpg
2023-09-02 16:50:52,070 - WARNING - This img has problem with rgb /home/another_site/new_manga_reader/imgs/chapter-48-blade-of-science/20_img.jpg
2023-09-02 16:50:52,075 - WARNING - This img has problem with rgb /home/another_site/new_manga_reader/imgs/chapter-48-blade-of-science/21_img.jpg
2023-09-02 16:50:52,738 - WARNING - This img has problem with rgb /home/another_site/new_manga_reader/imgs/chapter-50-humanitys-strongest-weapon/1_img.jpg
2023-09-02 16:50:52,893 - WARNING - This img has problem with rgb /home/another_site/new_manga_reader/imgs/chapter-50-humanitys-strongest-weapon/5_img.jpg
2023-09-02 16:50:52,902 - WARNING - This img has problem with rgb /home/another_site/new_manga_reader/imgs/chapter-50-humanitys-strongest-weapon/6_img.jpg
2023-09-02 16:50:52,911 - WARNING - This img has problem with rgb /home/another_site/new_manga_reader/imgs/chapter-50-humanitys-strongest-weapon/7_img.jpg
2023-09-02 16:50:52,921 - WARNING - This img has problem with rgb /home/another_site/new_manga_reader/imgs/chapter-50-humanitys-strongest-weapon/8_img.jpg
2023-09-02 16:50:52,988 - WARNING - This img has problem with rgb /home/another_site/new_manga_reader/imgs/chapter-50-humanitys-strongest-weapon/10_img.jpg
2023-09-02 16:50:52,996 - WARNING - This img has problem with rgb /home/another_site/new_manga_reader/imgs/chapter-50-humanitys-strongest-weapon/11_img.jpg
2023-09-02 16:50:53,063 - WARNING - This img has problem with rgb /home/another_site/new_manga_reader/imgs/chapter-50-humanitys-strongest-weapon/13_img.jpg
2023-09-02 16:50:53,075 - WARNING - This img has problem with rgb /home/another_site/new_manga_reader/imgs/chapter-50-humanitys-strongest-weapon/14_img.jpg
2023-09-02 16:50:53,155 - WARNING - This img has problem with rgb /home/another_site/new_manga_reader/imgs/chapter-51-sweet-in-the-stone-world/1_img.jpg
2023-09-02 16:50:53,196 - WARNING - This img has problem with rgb /home/another_site/new_manga_reader/imgs/chapter-51-sweet-in-the-stone-world/3_img.jpg
2023-09-02 16:50:53,209 - WARNING - This img has problem with rgb /home/another_site/new_manga_reader/imgs/chapter-51-sweet-in-the-stone-world/4_img.jpg
2023-09-02 16:50:53,223 - WARNING - This img has problem with rgb /home/another_site/new_manga_reader/imgs/chapter-51-sweet-in-the-stone-world/5_img.jpg
2023-09-02 16:50:53,233 - WARNING - This img has problem with rgb /home/another_site/new_manga_reader/imgs/chapter-51-sweet-in-the-stone-world/6_img.jpg
2023-09-02 16:50:53,249 - WARNING - This img has problem with rgb /home/another_site/new_manga_reader/imgs/chapter-51-sweet-in-the-stone-world/7_img.jpg
2023-09-02 16:50:53,260 - WARNING - This img has problem with rgb /home/another_site/new_manga_reader/imgs/chapter-51-sweet-in-the-stone-world/8_img.jpg
2023-09-02 16:50:53,270 - WARNING - This img has problem with rgb /home/another_site/new_manga_reader/imgs/chapter-51-sweet-in-the-stone-world/9_img.jpg
2023-09-02 16:50:53,280 - WARNING - This img has problem with rgb /home/another_site/new_manga_reader/imgs/chapter-51-sweet-in-the-stone-world/10_img.jpg
2023-09-02 16:50:53,350 - WARNING - This img has problem with rgb /home/another_site/new_manga_reader/imgs/chapter-51-sweet-in-the-stone-world/12_img.jpg
2023-09-02 16:50:53,361 - WARNING - This img has problem with rgb /home/another_site/new_manga_reader/imgs/chapter-51-sweet-in-the-stone-world/13_img.jpg
2023-09-02 16:50:53,370 - WARNING - This img has problem with rgb /home/another_site/new_manga_reader/imgs/chapter-51-sweet-in-the-stone-world/14_img.jpg
2023-09-02 16:50:53,385 - WARNING - This img has problem with rgb /home/another_site/new_manga_reader/imgs/chapter-51-sweet-in-the-stone-world/15_img.jpg
2023-09-02 16:50:53,399 - WARNING - This img has problem with rgb /home/another_site/new_manga_reader/imgs/chapter-51-sweet-in-the-stone-world/16_img.jpg
2023-09-02 16:50:53,411 - WARNING - This img has problem with rgb /home/another_site/new_manga_reader/imgs/chapter-51-sweet-in-the-stone-world/17_img.jpg
2023-09-02 16:50:53,420 - WARNING - This img has problem with rgb /home/another_site/new_manga_reader/imgs/chapter-51-sweet-in-the-stone-world/18_img.jpg
2023-09-02 16:50:53,430 - WARNING - This img has problem with rgb /home/another_site/new_manga_reader/imgs/chapter-51-sweet-in-the-stone-world/19_img.jpg
2023-09-02 16:50:53,440 - WARNING - This img has problem with rgb /home/another_site/new_manga_reader/imgs/chapter-52-the-age-of-machine-power/1_img.jpg
2023-09-02 16:50:53,467 - WARNING - This img has problem with rgb /home/another_site/new_manga_reader/imgs/chapter-52-the-age-of-machine-power/3_img.jpg
2023-09-02 16:50:53,476 - WARNING - This img has problem with rgb /home/another_site/new_manga_reader/imgs/chapter-52-the-age-of-machine-power/4_img.jpg
2023-09-02 16:50:53,486 - WARNING - This img has problem with rgb /home/another_site/new_manga_reader/imgs/chapter-52-the-age-of-machine-power/5_img.jpg
2023-09-02 16:50:53,498 - WARNING - This img has problem with rgb /home/another_site/new_manga_reader/imgs/chapter-52-the-age-of-machine-power/6_img.jpg
2023-09-02 16:50:53,507 - WARNING - This img has problem with rgb /home/another_site/new_manga_reader/imgs/chapter-52-the-age-of-machine-power/7_img.jpg
2023-09-02 16:50:53,517 - WARNING - This img has problem with rgb /home/another_site/new_manga_reader/imgs/chapter-52-the-age-of-machine-power/8_img.jpg
2023-09-02 16:50:53,528 - WARNING - This img has problem with rgb /home/another_site/new_manga_reader/imgs/chapter-52-the-age-of-machine-power/9_img.jpg
2023-09-02 16:50:53,538 - WARNING - This img has problem with rgb /home/another_site/new_manga_reader/imgs/chapter-52-the-age-of-machine-power/10_img.jpg
2023-09-02 16:50:53,550 - WARNING - This img has problem with rgb /home/another_site/new_manga_reader/imgs/chapter-52-the-age-of-machine-power/11_img.jpg
2023-09-02 16:50:53,562 - WARNING - This img has problem with rgb /home/another_site/new_manga_reader/imgs/chapter-52-the-age-of-machine-power/12_img.jpg
2023-09-02 16:50:53,574 - WARNING - This img has problem with rgb /home/another_site/new_manga_reader/imgs/chapter-52-the-age-of-machine-power/13_img.jpg
2023-09-02 16:50:53,585 - WARNING - This img has problem with rgb /home/another_site/new_manga_reader/imgs/chapter-52-the-age-of-machine-power/14_img.jpg
2023-09-02 16:50:53,594 - WARNING - This img has problem with rgb /home/another_site/new_manga_reader/imgs/chapter-52-the-age-of-machine-power/15_img.jpg
2023-09-02 16:50:53,604 - WARNING - This img has problem with rgb /home/another_site/new_manga_reader/imgs/chapter-52-the-age-of-machine-power/16_img.jpg
2023-09-02 16:50:53,620 - WARNING - This img has problem with rgb /home/another_site/new_manga_reader/imgs/chapter-52-the-age-of-machine-power/17_img.jpg
2023-09-02 16:50:53,630 - WARNING - This img has problem with rgb /home/another_site/new_manga_reader/imgs/chapter-52-the-age-of-machine-power/18_img.jpg
2023-09-02 16:50:54,504 - WARNING - This img has problem with rgb /home/another_site/new_manga_reader/imgs/chapter-54-glittering-blue-jewel/5_img.jpg
2023-09-02 16:50:54,515 - WARNING - This img has problem with rgb /home/another_site/new_manga_reader/imgs/chapter-54-glittering-blue-jewel/6_img.jpg
2023-09-02 16:50:54,524 - WARNING - This img has problem with rgb /home/another_site/new_manga_reader/imgs/chapter-54-glittering-blue-jewel/7_img.jpg
2023-09-02 16:50:54,535 - WARNING - This img has problem with rgb /home/another_site/new_manga_reader/imgs/chapter-54-glittering-blue-jewel/8_img.jpg
2023-09-02 16:50:54,545 - WARNING - This img has problem with rgb /home/another_site/new_manga_reader/imgs/chapter-54-glittering-blue-jewel/9_img.jpg
2023-09-02 16:50:54,555 - WARNING - This img has problem with rgb /home/another_site/new_manga_reader/imgs/chapter-54-glittering-blue-jewel/10_img.jpg
2023-09-02 16:50:54,565 - WARNING - This img has problem with rgb /home/another_site/new_manga_reader/imgs/chapter-54-glittering-blue-jewel/11_img.jpg
2023-09-02 16:50:54,576 - WARNING - This img has problem with rgb /home/another_site/new_manga_reader/imgs/chapter-54-glittering-blue-jewel/12_img.jpg
2023-09-02 16:50:54,585 - WARNING - This img has problem with rgb /home/another_site/new_manga_reader/imgs/chapter-54-glittering-blue-jewel/13_img.jpg
2023-09-02 16:50:54,596 - WARNING - This img has problem with rgb /home/another_site/new_manga_reader/imgs/chapter-54-glittering-blue-jewel/14_img.jpg
2023-09-02 16:50:54,605 - WARNING - This img has problem with rgb /home/another_site/new_manga_reader/imgs/chapter-54-glittering-blue-jewel/15_img.jpg
2023-09-02 16:50:54,617 - WARNING - This img has problem with rgb /home/another_site/new_manga_reader/imgs/chapter-54-glittering-blue-jewel/16_img.jpg
2023-09-02 16:50:54,686 - WARNING - This img has problem with rgb /home/another_site/new_manga_reader/imgs/chapter-54-glittering-blue-jewel/18_img.jpg
2023-09-02 16:50:54,699 - WARNING - This img has problem with rgb /home/another_site/new_manga_reader/imgs/chapter-54-glittering-blue-jewel/19_img.jpg
2023-09-02 16:50:54,709 - WARNING - This img has problem with rgb /home/another_site/new_manga_reader/imgs/chapter-54-glittering-blue-jewel/20_img.jpg
2023-09-02 16:50:54,719 - WARNING - This img has problem with rgb /home/another_site/new_manga_reader/imgs/chapter-54-glittering-blue-jewel/21_img.jpg
2023-09-02 16:51:17,358 - WARNING - This img has problem with rgb /home/another_site/new_manga_reader/imgs/chapter-91-z91-if-they-have-no-bread-then-let-them-make-it-from-wheat/1_img.jpg
2023-09-02 16:51:17,427 - WARNING - This img has problem with rgb /home/another_site/new_manga_reader/imgs/chapter-91-z91-if-they-have-no-bread-then-let-them-make-it-from-wheat/3_img.jpg
2023-09-02 16:51:17,472 - WARNING - This img has problem with rgb /home/another_site/new_manga_reader/imgs/chapter-91-z91-if-they-have-no-bread-then-let-them-make-it-from-wheat/5_img.jpg
2023-09-02 16:51:17,481 - WARNING - This img has problem with rgb /home/another_site/new_manga_reader/imgs/chapter-91-z91-if-they-have-no-bread-then-let-them-make-it-from-wheat/6_img.jpg
2023-09-02 16:51:17,554 - WARNING - This img has problem with rgb /home/another_site/new_manga_reader/imgs/chapter-91-z91-if-they-have-no-bread-then-let-them-make-it-from-wheat/8_img.jpg
2023-09-02 16:51:17,564 - WARNING - This img has problem with rgb /home/another_site/new_manga_reader/imgs/chapter-91-z91-if-they-have-no-bread-then-let-them-make-it-from-wheat/9_img.jpg
2023-09-02 16:51:17,627 - WARNING - This img has problem with rgb /home/another_site/new_manga_reader/imgs/chapter-91-z91-if-they-have-no-bread-then-let-them-make-it-from-wheat/12_img.jpg
2023-09-02 16:51:17,637 - WARNING - This img has problem with rgb /home/another_site/new_manga_reader/imgs/chapter-91-z91-if-they-have-no-bread-then-let-them-make-it-from-wheat/13_img.jpg
2023-09-02 16:51:38,171 - WARNING - This img has problem with rgb /home/another_site/new_manga_reader/imgs/chapter-122-the-battle-of-wits-puzzle-pieces/1_img.jpg
2023-09-02 16:51:38,204 - WARNING - This img has problem with rgb /home/another_site/new_manga_reader/imgs/chapter-122-the-battle-of-wits-puzzle-pieces/3_img.jpg
2023-09-02 16:51:38,213 - WARNING - This img has problem with rgb /home/another_site/new_manga_reader/imgs/chapter-122-the-battle-of-wits-puzzle-pieces/4_img.jpg
2023-09-02 16:51:38,224 - WARNING - This img has problem with rgb /home/another_site/new_manga_reader/imgs/chapter-122-the-battle-of-wits-puzzle-pieces/5_img.jpg
2023-09-02 16:51:38,233 - WARNING - This img has problem with rgb /home/another_site/new_manga_reader/imgs/chapter-122-the-battle-of-wits-puzzle-pieces/6_img.jpg
2023-09-02 16:51:38,245 - WARNING - This img has problem with rgb /home/another_site/new_manga_reader/imgs/chapter-122-the-battle-of-wits-puzzle-pieces/7_img.jpg
2023-09-02 16:51:38,255 - WARNING - This img has problem with rgb /home/another_site/new_manga_reader/imgs/chapter-122-the-battle-of-wits-puzzle-pieces/8_img.jpg
2023-09-02 16:51:38,268 - WARNING - This img has problem with rgb /home/another_site/new_manga_reader/imgs/chapter-122-the-battle-of-wits-puzzle-pieces/9_img.jpg
2023-09-02 16:51:38,279 - WARNING - This img has problem with rgb /home/another_site/new_manga_reader/imgs/chapter-122-the-battle-of-wits-puzzle-pieces/10_img.jpg
2023-09-02 16:51:38,288 - WARNING - This img has problem with rgb /home/another_site/new_manga_reader/imgs/chapter-122-the-battle-of-wits-puzzle-pieces/11_img.jpg
2023-09-02 16:51:38,297 - WARNING - This img has problem with rgb /home/another_site/new_manga_reader/imgs/chapter-122-the-battle-of-wits-puzzle-pieces/12_img.jpg
2023-09-02 16:51:38,307 - WARNING - This img has problem with rgb /home/another_site/new_manga_reader/imgs/chapter-122-the-battle-of-wits-puzzle-pieces/13_img.jpg
2023-09-02 16:51:38,318 - WARNING - This img has problem with rgb /home/another_site/new_manga_reader/imgs/chapter-122-the-battle-of-wits-puzzle-pieces/14_img.jpg
2023-09-02 16:51:38,334 - WARNING - This img has problem with rgb /home/another_site/new_manga_reader/imgs/chapter-122-the-battle-of-wits-puzzle-pieces/15_img.jpg
2023-09-02 16:51:38,343 - WARNING - This img has problem with rgb /home/another_site/new_manga_reader/imgs/chapter-122-the-battle-of-wits-puzzle-pieces/16_img.jpg
2023-09-02 16:51:38,352 - WARNING - This img has problem with rgb /home/another_site/new_manga_reader/imgs/chapter-122-the-battle-of-wits-puzzle-pieces/17_img.jpg
2023-09-02 16:51:38,362 - WARNING - This img has problem with rgb /home/another_site/new_manga_reader/imgs/chapter-122-the-battle-of-wits-puzzle-pieces/18_img.jpg
2023-09-02 16:51:38,370 - WARNING - This img has problem with rgb /home/another_site/new_manga_reader/imgs/chapter-122-the-battle-of-wits-puzzle-pieces/19_img.jpg
2023-09-02 16:51:38,378 - WARNING - This img has problem with rgb /home/another_site/new_manga_reader/imgs/chapter-122-the-battle-of-wits-puzzle-pieces/20_img.jpg
2023-09-02 16:52:30,771 - WARNING - This img has problem with rgb /home/another_site/new_manga_reader/imgs/chapter-232/22_img.jpg
2023-09-02 16:52:31,889 - WARNING - This img has problem with rgb /home/another_site/new_manga_reader/imgs/chapter-232-5/45_img.jpg
